# JRE version: OpenJDK Runtime Environment (8.0_242-b01) (build 1.8.0_242-release-1644-b01)
# Java VM: OpenJDK 64-Bit Server VM (25.242-b01 mixed mode windows-amd64 compressed oops)
Heap:
 PSYoungGen      total 631808K, used 508084K [0x00000000d5580000, 0x0000000100000000, 0x0000000100000000)
  eden space 590336K, 79% used [0x00000000d5580000,0x00000000f1d2f178,0x00000000f9600000)
  from space 41472K, 99% used [0x00000000fd780000,0x00000000ffffe1b0,0x0000000100000000)
  to   space 54272K, 0% used [0x00000000f9600000,0x00000000f9600000,0x00000000fcb00000)
 ParOldGen       total 167936K, used 100026K [0x0000000080000000, 0x000000008a400000, 0x00000000d5580000)
  object space 167936K, 59% used [0x0000000080000000,0x00000000861ae8e8,0x000000008a400000)
 Metaspace       used 116396K, capacity 124270K, committed 125352K, reserved 1159168K
  class space    used 14735K, capacity 16073K, committed 16304K, reserved 1048576K
GC Heap History (10 events):
Event: 28297.257 GC heap before
{Heap before GC invocations=27 (full 5):
 PSYoungGen      total 658944K, used 6400K [0x00000000d5580000, 0x0000000100000000, 0x0000000100000000)
  eden space 618496K, 0% used [0x00000000d5580000,0x00000000d5580000,0x00000000fb180000)
  from space 40448K, 15% used [0x00000000fd880000,0x00000000fdec0010,0x0000000100000000)
  to   space 39936K, 0% used [0x00000000fb180000,0x00000000fb180000,0x00000000fd880000)
 ParOldGen       total 107008K, used 105962K [0x0000000080000000, 0x0000000086880000, 0x00000000d5580000)
  object space 107008K, 99% used [0x0000000080000000,0x000000008677aa98,0x0000000086880000)
 Metaspace       used 115856K, capacity 124206K, committed 124328K, reserved 1157120K
  class space    used 14814K, capacity 16215K, committed 16304K, reserved 1048576K
Event: 28300.707 GC heap after
Heap after GC invocations=27 (full 5):
 PSYoungGen      total 658944K, used 0K [0x00000000d5580000, 0x0000000100000000, 0x0000000100000000)
  eden space 618496K, 0% used [0x00000000d5580000,0x00000000d5580000,0x00000000fb180000)
  from space 40448K, 0% used [0x00000000fd880000,0x00000000fd880000,0x0000000100000000)
  to   space 39936K, 0% used [0x00000000fb180000,0x00000000fb180000,0x00000000fd880000)
 ParOldGen       total 167936K, used 78738K [0x0000000080000000, 0x000000008a400000, 0x00000000d5580000)
  object space 167936K, 46% used [0x0000000080000000,0x0000000084ce4930,0x000000008a400000)
 Metaspace       used 114655K, capacity 122050K, committed 124328K, reserved 1157120K
  class space    used 14600K, capacity 15809K, committed 16304K, reserved 1048576K
}
Event: 28302.767 GC heap before
{Heap before GC invocations=28 (full 5):
 PSYoungGen      total 658944K, used 618496K [0x00000000d5580000, 0x0000000100000000, 0x0000000100000000)
  eden space 618496K, 100% used [0x00000000d5580000,0x00000000fb180000,0x00000000fb180000)
  from space 40448K, 0% used [0x00000000fd880000,0x00000000fd880000,0x0000000100000000)
  to   space 39936K, 0% used [0x00000000fb180000,0x00000000fb180000,0x00000000fd880000)
 ParOldGen       total 167936K, used 78738K [0x0000000080000000, 0x000000008a400000, 0x00000000d5580000)
  object space 167936K, 46% used [0x0000000080000000,0x0000000084ce4930,0x000000008a400000)
 Metaspace       used 114760K, capacity 122146K, committed 124328K, reserved 1157120K
  class space    used 14605K, capacity 15811K, committed 16304K, reserved 1048576K
Event: 28302.787 GC heap after
Heap after GC invocations=28 (full 5):
 PSYoungGen      total 626176K, used 7363K [0x00000000d5580000, 0x00000000ffe80000, 0x0000000100000000)
  eden space 618496K, 0% used [0x00000000d5580000,0x00000000d5580000,0x00000000fb180000)
  from space 7680K, 95% used [0x00000000fb180000,0x00000000fb8b0eb8,0x00000000fb900000)
  to   space 39424K, 0% used [0x00000000fd800000,0x00000000fd800000,0x00000000ffe80000)
 ParOldGen       total 167936K, used 78738K [0x0000000080000000, 0x000000008a400000, 0x00000000d5580000)
  object space 167936K, 46% used [0x0000000080000000,0x0000000084ce4930,0x000000008a400000)
 Metaspace       used 114760K, capacity 122146K, committed 124328K, reserved 1157120K
  class space    used 14605K, capacity 15811K, committed 16304K, reserved 1048576K
}
Event: 28739.510 GC heap before
{Heap before GC invocations=29 (full 5):
 PSYoungGen      total 626176K, used 625859K [0x00000000d5580000, 0x00000000ffe80000, 0x0000000100000000)
  eden space 618496K, 100% used [0x00000000d5580000,0x00000000fb180000,0x00000000fb180000)
  from space 7680K, 95% used [0x00000000fb180000,0x00000000fb8b0eb8,0x00000000fb900000)
  to   space 39424K, 0% used [0x00000000fd800000,0x00000000fd800000,0x00000000ffe80000)
 ParOldGen       total 167936K, used 78738K [0x0000000080000000, 0x000000008a400000, 0x00000000d5580000)
  object space 167936K, 46% used [0x0000000080000000,0x0000000084ce4930,0x000000008a400000)
 Metaspace       used 115292K, capacity 122932K, committed 124328K, reserved 1157120K
  class space    used 14675K, capacity 15940K, committed 16304K, reserved 1048576K
Event: 28739.532 GC heap after
Heap after GC invocations=29 (full 5):
 PSYoungGen      total 659968K, used 13487K [0x00000000d5580000, 0x0000000100000000, 0x0000000100000000)
  eden space 620544K, 0% used [0x00000000d5580000,0x00000000d5580000,0x00000000fb380000)
  from space 39424K, 34% used [0x00000000fd800000,0x00000000fe52bd90,0x00000000ffe80000)
  to   space 37376K, 0% used [0x00000000fb380000,0x00000000fb380000,0x00000000fd800000)
 ParOldGen       total 167936K, used 82567K [0x0000000080000000, 0x000000008a400000, 0x00000000d5580000)
  object space 167936K, 49% used [0x0000000080000000,0x00000000850a1c78,0x000000008a400000)
 Metaspace       used 115292K, capacity 122932K, committed 124328K, reserved 1157120K
  class space    used 14675K, capacity 15940K, committed 16304K, reserved 1048576K
}
Event: 28913.916 GC heap before
{Heap before GC invocations=30 (full 5):
 PSYoungGen      total 659968K, used 634031K [0x00000000d5580000, 0x0000000100000000, 0x0000000100000000)
  eden space 620544K, 100% used [0x00000000d5580000,0x00000000fb380000,0x00000000fb380000)
  from space 39424K, 34% used [0x00000000fd800000,0x00000000fe52bd90,0x00000000ffe80000)
  to   space 37376K, 0% used [0x00000000fb380000,0x00000000fb380000,0x00000000fd800000)
 ParOldGen       total 167936K, used 82567K [0x0000000080000000, 0x000000008a400000, 0x00000000d5580000)
  object space 167936K, 49% used [0x0000000080000000,0x00000000850a1c78,0x000000008a400000)
 Metaspace       used 115971K, capacity 123758K, committed 124840K, reserved 1157120K
  class space    used 14716K, capacity 16043K, committed 16304K, reserved 1048576K
Event: 28913.964 GC heap after
Heap after GC invocations=30 (full 5):
 PSYoungGen      total 652800K, used 31841K [0x00000000d5580000, 0x0000000100000000, 0x0000000100000000)
  eden space 620544K, 0% used [0x00000000d5580000,0x00000000d5580000,0x00000000fb380000)
  from space 32256K, 98% used [0x00000000fb380000,0x00000000fd298678,0x00000000fd300000)
  to   space 41472K, 0% used [0x00000000fd780000,0x00000000fd780000,0x0000000100000000)
 ParOldGen       total 167936K, used 82575K [0x0000000080000000, 0x000000008a400000, 0x00000000d5580000)
  object space 167936K, 49% used [0x0000000080000000,0x00000000850a3c78,0x000000008a400000)
 Metaspace       used 115971K, capacity 123758K, committed 124840K, reserved 1157120K
  class space    used 14716K, capacity 16043K, committed 16304K, reserved 1048576K
}
Event: 29265.880 GC heap before
{Heap before GC invocations=31 (full 5):
 PSYoungGen      total 652800K, used 652385K [0x00000000d5580000, 0x0000000100000000, 0x0000000100000000)
  eden space 620544K, 100% used [0x00000000d5580000,0x00000000fb380000,0x00000000fb380000)
  from space 32256K, 98% used [0x00000000fb380000,0x00000000fd298678,0x00000000fd300000)
  to   space 41472K, 0% used [0x00000000fd780000,0x00000000fd780000,0x0000000100000000)
 ParOldGen       total 167936K, used 82575K [0x0000000080000000, 0x000000008a400000, 0x00000000d5580000)
  object space 167936K, 49% used [0x0000000080000000,0x00000000850a3c78,0x000000008a400000)
 Metaspace       used 116171K, capacity 123984K, committed 125096K, reserved 1159168K
  class space    used 14719K, capacity 16048K, committed 16304K, reserved 1048576K
Event: 29265.957 GC heap after
Heap after GC invocations=31 (full 5):
 PSYoungGen      total 631808K, used 41464K [0x00000000d5580000, 0x0000000100000000, 0x0000000100000000)
  eden space 590336K, 0% used [0x00000000d5580000,0x00000000d5580000,0x00000000f9600000)
  from space 41472K, 99% used [0x00000000fd780000,0x00000000ffffe1b0,0x0000000100000000)
  to   space 54272K, 0% used [0x00000000f9600000,0x00000000f9600000,0x00000000fcb00000)
 ParOldGen       total 167936K, used 100026K [0x0000000080000000, 0x000000008a400000, 0x00000000d5580000)
  object space 167936K, 59% used [0x0000000080000000,0x00000000861ae8e8,0x000000008a400000)
 Metaspace       used 116171K, capacity 123984K, committed 125096K, reserved 1159168K
  class space    used 14719K, capacity 16048K, committed 16304K, reserved 1048576K
}

